<?xml version="1.0" encoding="UTF-8"?>
<!-- Generated by org.testng.reporters.JUnitReportReporter -->
<testsuite hostname="DESKTOP-4RAMEH5" failures="0" tests="1" name="SwagLab" time="0.950" errors="0" timestamp="2024-08-08T21:18:55 EET" skipped="0">
  <testcase classname="SwagLab" name="Login" time="0.950"/>
  <system-out/>
</testsuite> <!-- SwagLab -->
